<?xml version="1.0" encoding="UTF-8"?>
<!-- Generated by org.testng.reporters.JUnitXMLReporter -->
<testsuite ignored="0" hostname="Jagades" failures="0" tests="4" name="Default test" time="0.027" errors="0" timestamp="04 Dec 2022 15:36:49 GMT">
  <testcase classname="GITTask1.GITClass1" name="m1" time="0.006"/>
  <testcase classname="GITTask1.GITClass1" name="m5" time="0.002"/>
  <testcase classname="GITTask1.GITClass1" name="m6" time="0.0"/>
  <testcase classname="GITTask1.GITClass1" name="m7" time="0.001"/>
</testsuite> <!-- Default test -->
