<?xml version="1.0" encoding="UTF-8"?>
<testng-results ignored="0" total="4" passed="4" failed="0" skipped="0">
  <reporter-output>
  </reporter-output>
  <suite started-at="2022-12-04T15:36:49Z" name="Default suite" finished-at="2022-12-04T15:36:49Z" duration-ms="27">
    <groups>
    </groups>
    <test started-at="2022-12-04T15:36:49Z" name="Default test" finished-at="2022-12-04T15:36:49Z" duration-ms="27">
      <class name="GITTask1.GITClass1">
        <test-method signature="m1()[pri:0, instance:GITTask1.GITClass1@4f3bbf68]" started-at="2022-12-04T15:36:49Z" name="m1" finished-at="2022-12-04T15:36:49Z" duration-ms="6" status="PASS">
          <reporter-output>
          </reporter-output>
        </test-method> <!-- m1 -->
        <test-method signature="m5()[pri:0, instance:GITTask1.GITClass1@4f3bbf68]" started-at="2022-12-04T15:36:49Z" name="m5" finished-at="2022-12-04T15:36:49Z" duration-ms="2" status="PASS">
          <reporter-output>
          </reporter-output>
        </test-method> <!-- m5 -->
        <test-method signature="m6()[pri:0, instance:GITTask1.GITClass1@4f3bbf68]" started-at="2022-12-04T15:36:49Z" name="m6" finished-at="2022-12-04T15:36:49Z" duration-ms="0" status="PASS">
          <reporter-output>
          </reporter-output>
        </test-method> <!-- m6 -->
        <test-method signature="m7()[pri:0, instance:GITTask1.GITClass1@4f3bbf68]" started-at="2022-12-04T15:36:49Z" name="m7" finished-at="2022-12-04T15:36:49Z" duration-ms="1" status="PASS">
          <reporter-output>
          </reporter-output>
        </test-method> <!-- m7 -->
      </class> <!-- GITTask1.GITClass1 -->
    </test> <!-- Default test -->
  </suite> <!-- Default suite -->
</testng-results>
